2023-11-30 23:11:04,322 - User input: I like to sleep in. Tell me 4 COMP classes available after 11:00AM that i can enroll in.
Response: Here are four COMP classes available after 11:00 AM that you can enroll in at CSUCI:

1. COMP 151, Data Structures & Program Design
   - Lecture: Section 02, Tuesdays from 3:00 PM to 5:50 PM at Sierra Hall 1232, taught by Eric Gentry.
   - Lab: Section 2L, Thursdays from 3:00 PM to 5:50 PM at Sierra Hall 1232.

2. COMP 232, Programming Languages
   - Lecture: Section 01, Tuesdays from 12:00 PM to 1:50 PM, Online, taught by Michael Soltys.
   - Lab: Section 2L, Wednesdays from 12:00 PM to 2:50 PM at Sierra Hall 1242, taught by John Dempsey.

3. COMP 262, Computer Organization & Architecture
   - Lecture: Section 02, Tuesdays from 12:00 PM to 1:50 PM at Sierra Hall 1432, taught by Kurt Zierhut.
   - Lab: Section 2L, Thursdays from 12:00 PM to 2:50 PM at Sierra Hall 1432.

4. COMP 151, Data Structures & Program Design (another option)
   - Lecture: Section 01, Tuesdays from 12:00 PM to 2:50 PM at Sierra Hall 1232, taught by Eric Gentry.
   - Lab: Section 1L, Thursdays from 12:00 PM to 2:50 PM at Sierra Hall 1232.

Please note that there are prerequisites for these courses, and you should check to ensure that you meet them before enrolling. Additionally, the availability of the classes might change based on registration, so you should also verify their status when you plan your schedule.
Duration: 38.43 seconds

2023-11-30 23:13:08,481 - Conversation reset

2023-11-30 23:13:50,377 - Conversation reset

2023-11-30 23:14:37,654 - User input: Use file id: file-hY7pAxWnjRAUWEkf7hysj74F to create schedule for this semester for a Computer Science major, including a mix of computer science classes.
Response: Based on the information available, here is a suggested schedule for a Computer Science major this semester, including a mix of computer science classes:

1. **COMP 101, Computer Literacy (Section 01)**
   - Type: Lecture (LEC)
   - Schedule: Online (Asynchronous - ARR)
   - Instructor: Not specified
   - Units: 3.00

2. **COMP 105, Introduction to Programming (Section 01)**
   - Type: Lecture (LEC)
   - Schedule: Tuesdays, 6:00 PM - 8:50 PM at Sierra Hall 1232
   - Instructor: Sami Al-Salman
   - Units: 3.00

3. **COMP 122, Data Structures and Algorithms for Engineering and Science (Section 01)**
   - Type: Lecture (LEC)
   - Schedule: Mondays, 12:00 PM - 1:45 PM at OJAI HALL 1964
   - Instructor: Kurt Zierhut
   - Units: 3.00
   - Lab: **Section 1L**
     - Schedule: Wednesdays, 12:00 PM - 2:45 PM at OJAI HALL 1964
   
4. **COMP 225, Software Design and Programming**
    - Details about this course are not listed in the fragment shown. Please query for more specific detailed sections or time slots if needed.

5. **COMP 232, Machine Architecture and Organization**
    - Details about this course are not listed in the fragment shown. Please query for more specific detailed sections or time slots if needed.

This is a foundational schedule that includes introductory programming, computer literacy, and data structures, which are core to the computer science curriculum. Note that the actual schedule may vary based on prerequisites, class availability, and degree requirements. If you need additional details or a more comprehensive schedule, please let me know so I can provide further assistance.
Duration: 71.48 seconds

2023-11-30 23:14:50,643 - User input: I like to sleep in. Tell me 4 COMP Computer Science classes available after 11:00AM that i can enroll in.
Response: Here are four COMP Computer Science classes available after 11:00 AM that you can enroll in at CSUCI:

1. **COMP 350, Software Engineering - Section 01**
   - Lecture (LEC)
   - Days: MW (Monday, Wednesday)
   - Time: 11:00 AM - 11:50 AM
   - Location: Sierra Hall 1222
   - Instructor: Jason Isaacs
   - Units: 3.00
   - Lab: COMP 350, Section 1L, MW 1:30 PM - 2:45 PM, Sierra Hall 1222

2. **COMP 362, Operating Systems - Section 01**
   - Lecture (LEC)
   - Days: TH (Thursday)
   - Time: 12:00 PM - 2:50 PM
   - Location: Sierra Hall 1242
   - Instructor: Kevin Scrivnor
   - Units: 4.00
   - Lab: COMP 362, Section 1L, T 12:00 PM - 2:50 PM, Sierra Hall 1242

3. **COMP 420, Database Theory and Design - Section 01**
   - Lecture (LEC)
   - Days: M (Monday)
   - Time: 12:00 PM - 1:50 PM
   - Location: Online
   - Instructor: [Not Specified]
   - Units: 3.00
   - Lab: COMP 420, Section 1L, W 12:00 PM - 2:50 PM, Online

4. **COMP 424, Computer System Security - Section 01**
   - Lecture (LEC)
   - Days: TTH (Tuesday, Thursday)
   - Time: 12:00 PM - 1:15 PM
   - Location: Sierra Hall 1131
   - Instructor: Sami Al-Salman
   - Units: 3.00
   - Lab: COMP 424, Section 1L, ARR [Arranged], Online

Please note that the times are based on the course schedule available at the time of this response, and availability may change. Always check the most recent course schedule or contact the registrar’s office for the latest information before enrolling.
Duration: 42.66 seconds

